15-07-2019 15:10:42 INFO [Log]: signature: TES/TNA/2019/1/00320
15-07-2019 15:10:42 INFO [Log]: liczba widocznych aplikacji: 10
15-07-2019 15:12:34 INFO [Log]: signature: TES/TNA/2019/1/00320
15-07-2019 15:12:34 INFO [Log]: liczba widocznych aplikacji: 10
15-07-2019 15:12:55 INFO [Log]: signature: PPS/LUK/2018/1/00124
15-07-2019 15:12:55 INFO [Log]: liczba widocznych aplikacji: 10
16-07-2019 08:57:00 INFO [Log]: signature: PPS/LUK/2018/1/00124
16-07-2019 08:57:00 INFO [Log]: liczba widocznych aplikacji: 10
16-07-2019 08:57:23 INFO [Log]: signature: TES/TNA/2019/1/00320
16-07-2019 08:57:23 INFO [Log]: liczba widocznych aplikacji: 10
16-07-2019 08:57:52 INFO [Log]: signature: PPS/LUK/2018/1/00124
16-07-2019 08:57:53 INFO [Log]: liczba widocznych aplikacji: 10
16-07-2019 09:26:28 INFO [Log]: select all programs: (*)Program
16-07-2019 09:31:54 INFO [Log]: select all programs: (*)Program
16-07-2019 09:33:50 INFO [Log]: select all programs: (*)Program
16-07-2019 09:33:52 INFO [Log]: deselect all programs: Program
16-07-2019 09:33:52 INFO [Log]: deselect all programs: Program
16-07-2019 09:33:52 INFO [Log]: deselect all programs: Program
16-07-2019 09:33:53 INFO [Log]: deselect all programs: Program
16-07-2019 09:33:53 INFO [Log]: deselect all programs: Program
16-07-2019 09:33:53 INFO [Log]: deselect all programs: Program
16-07-2019 09:33:53 INFO [Log]: deselect all programs: Program
16-07-2019 09:33:53 INFO [Log]: deselect all programs: Program
16-07-2019 09:33:53 INFO [Log]: deselect all programs: Program
16-07-2019 09:33:54 INFO [Log]: deselect all programs: Program
16-07-2019 09:33:54 INFO [Log]: deselect all programs: Program
16-07-2019 09:33:54 INFO [Log]: deselect all programs: Program
16-07-2019 09:33:54 INFO [Log]: deselect all programs: Program
16-07-2019 09:33:54 INFO [Log]: deselect all programs: Program
16-07-2019 09:33:54 INFO [Log]: deselect all programs: Program
16-07-2019 09:33:55 INFO [Log]: deselect all programs: Program
16-07-2019 09:33:55 INFO [Log]: deselect all programs: Program
16-07-2019 09:33:55 INFO [Log]: deselect all programs: Program
16-07-2019 09:33:55 INFO [Log]: deselect all programs: Program
16-07-2019 09:33:55 INFO [Log]: deselect all programs: Program
16-07-2019 09:33:56 INFO [Log]: deselect all programs: Program
16-07-2019 09:33:56 INFO [Log]: deselect all programs: Program
16-07-2019 09:33:56 INFO [Log]: deselect all programs: Program
16-07-2019 09:33:56 INFO [Log]: deselect all programs: Program
16-07-2019 09:33:56 INFO [Log]: deselect all programs: Program
16-07-2019 09:33:57 INFO [Log]: deselect all programs: Program
16-07-2019 09:33:57 INFO [Log]: deselect all programs: Program
16-07-2019 09:33:57 INFO [Log]: deselect all programs: Program
16-07-2019 09:33:57 INFO [Log]: deselect all programs: Program
16-07-2019 09:33:57 INFO [Log]: deselect all programs: Program
16-07-2019 09:33:57 INFO [Log]: deselect all programs: Program
16-07-2019 09:33:58 INFO [Log]: deselect all programs: Program
16-07-2019 09:33:58 INFO [Log]: deselect all programs: Program
16-07-2019 09:33:58 INFO [Log]: deselect all programs: Program
16-07-2019 09:33:58 INFO [Log]: deselect all programs: Program
16-07-2019 09:33:58 INFO [Log]: deselect all programs: Program
16-07-2019 09:33:58 INFO [Log]: deselect all programs: Program
16-07-2019 09:33:59 INFO [Log]: deselect all programs: Program
16-07-2019 09:33:59 INFO [Log]: deselect all programs: Program
16-07-2019 09:33:59 INFO [Log]: deselect all programs: Program
16-07-2019 09:33:59 INFO [Log]: deselect all programs: Program
16-07-2019 09:33:59 INFO [Log]: deselect all programs: Program
16-07-2019 09:33:59 INFO [Log]: deselect all programs: Program
16-07-2019 09:34:00 INFO [Log]: deselect all programs: Program
16-07-2019 09:34:00 INFO [Log]: deselect all programs: Program
16-07-2019 09:34:00 INFO [Log]: deselect all programs: Program
16-07-2019 09:34:00 INFO [Log]: deselect all programs: Program
16-07-2019 09:34:00 INFO [Log]: deselect all programs: Program
16-07-2019 09:34:01 INFO [Log]: deselect all programs: Program
16-07-2019 09:34:01 INFO [Log]: deselect all programs: Program
16-07-2019 09:34:01 INFO [Log]: deselect all programs: Program
16-07-2019 09:34:01 INFO [Log]: deselect all programs: Program
16-07-2019 09:34:01 INFO [Log]: deselect all programs: Program
16-07-2019 09:34:01 INFO [Log]: deselect all programs: Program
16-07-2019 09:34:01 INFO [Log]: deselect all programs: Program
16-07-2019 09:34:02 INFO [Log]: deselect all programs: Program
16-07-2019 09:34:02 INFO [Log]: deselect all programs: Program
16-07-2019 09:34:02 INFO [Log]: deselect all programs: Program
16-07-2019 09:34:02 INFO [Log]: deselect all programs: Program
16-07-2019 09:34:02 INFO [Log]: deselect all programs: Program
16-07-2019 09:34:02 INFO [Log]: deselect all programs: Program
16-07-2019 09:34:03 INFO [Log]: deselect all programs: Program
16-07-2019 09:34:03 INFO [Log]: deselect all programs: Program
16-07-2019 09:34:03 INFO [Log]: deselect all programs: Program
16-07-2019 09:34:03 INFO [Log]: deselect all programs: Program
16-07-2019 09:34:03 INFO [Log]: deselect all programs: Program
16-07-2019 09:34:04 INFO [Log]: deselect all programs: Program
16-07-2019 09:34:04 INFO [Log]: deselect all programs: Program
16-07-2019 09:34:04 INFO [Log]: deselect all programs: Program
16-07-2019 09:34:04 INFO [Log]: deselect all programs: Program
16-07-2019 09:34:04 INFO [Log]: deselect all programs: Program
16-07-2019 09:34:04 INFO [Log]: deselect all programs: Program
16-07-2019 09:34:05 INFO [Log]: deselect all programs: Program
16-07-2019 09:34:05 INFO [Log]: deselect all programs: Program
16-07-2019 09:34:05 INFO [Log]: deselect all programs: Program
16-07-2019 09:34:05 INFO [Log]: deselect all programs: Program
16-07-2019 09:34:05 INFO [Log]: deselect all programs: Program
16-07-2019 09:34:05 INFO [Log]: deselect all programs: Program
16-07-2019 09:34:06 INFO [Log]: deselect all programs: Program
16-07-2019 09:34:06 INFO [Log]: deselect all programs: Program
16-07-2019 09:34:06 INFO [Log]: deselect all programs: Program
16-07-2019 09:34:06 INFO [Log]: deselect all programs: Program
16-07-2019 09:34:06 INFO [Log]: deselect all programs: Program
16-07-2019 09:34:06 INFO [Log]: deselect all programs: Program
16-07-2019 09:34:06 INFO [Log]: deselect all programs: Program
16-07-2019 09:34:07 INFO [Log]: deselect all programs: Program
16-07-2019 09:34:07 INFO [Log]: deselect all programs: Program
16-07-2019 09:35:13 INFO [Log]: select all programs: (*)Program
16-07-2019 09:35:16 INFO [Log]: deselect all programs: Program
16-07-2019 09:35:16 INFO [Log]: deselect all programs: Program
16-07-2019 09:35:17 INFO [Log]: deselect all programs: Program
16-07-2019 09:35:17 INFO [Log]: deselect all programs: Program
16-07-2019 09:35:17 INFO [Log]: deselect all programs: Program
16-07-2019 09:35:17 INFO [Log]: deselect all programs: Program
16-07-2019 09:35:17 INFO [Log]: deselect all programs: Program
16-07-2019 09:35:18 INFO [Log]: deselect all programs: Program
16-07-2019 09:35:18 INFO [Log]: deselect all programs: Program
16-07-2019 09:35:18 INFO [Log]: deselect all programs: Program
16-07-2019 09:35:18 INFO [Log]: deselect all programs: Program
16-07-2019 09:35:18 INFO [Log]: deselect all programs: Program
16-07-2019 09:35:19 INFO [Log]: deselect all programs: Program
16-07-2019 09:35:19 INFO [Log]: deselect all programs: Program
16-07-2019 09:35:19 INFO [Log]: deselect all programs: Program
16-07-2019 09:35:19 INFO [Log]: deselect all programs: Program
16-07-2019 09:35:19 INFO [Log]: deselect all programs: Program
16-07-2019 09:37:19 INFO [Log]: select all programs: (*)Program
16-07-2019 09:37:24 INFO [Log]: deselect all programs: Program
16-07-2019 09:39:07 INFO [Log]: select all programs: (*)Program
16-07-2019 09:39:33 INFO [Log]: select all programs: (*)Program
16-07-2019 09:39:37 INFO [Log]: deselect all programs: Program
16-07-2019 09:39:37 INFO [Log]: deselect all programs: Program
16-07-2019 09:39:37 INFO [Log]: deselect all programs: Program
16-07-2019 09:39:37 INFO [Log]: deselect all programs: Program
16-07-2019 09:39:37 INFO [Log]: deselect all programs: Program
16-07-2019 09:39:38 INFO [Log]: deselect all programs: Program
16-07-2019 09:39:38 INFO [Log]: deselect all programs: Program
16-07-2019 09:39:38 INFO [Log]: deselect all programs: Program
16-07-2019 09:39:38 INFO [Log]: deselect all programs: Program
16-07-2019 09:39:38 INFO [Log]: deselect all programs: Program
16-07-2019 09:39:39 INFO [Log]: deselect all programs: Program
16-07-2019 09:39:39 INFO [Log]: deselect all programs: Program
16-07-2019 09:39:39 INFO [Log]: deselect all programs: Program
16-07-2019 09:39:39 INFO [Log]: deselect all programs: Program
16-07-2019 09:39:39 INFO [Log]: deselect all programs: Program
16-07-2019 09:39:40 INFO [Log]: deselect all programs: Program
16-07-2019 09:39:40 INFO [Log]: deselect all programs: Program
16-07-2019 09:39:40 INFO [Log]: deselect all programs: Program
16-07-2019 09:39:40 INFO [Log]: deselect all programs: Program
16-07-2019 09:39:40 INFO [Log]: deselect all programs: Program
16-07-2019 09:39:41 INFO [Log]: deselect all programs: Program
16-07-2019 09:39:41 INFO [Log]: deselect all programs: Program
16-07-2019 09:39:41 INFO [Log]: deselect all programs: Program
16-07-2019 09:39:41 INFO [Log]: deselect all programs: Program
16-07-2019 09:39:41 INFO [Log]: deselect all programs: Program
16-07-2019 09:39:41 INFO [Log]: deselect all programs: Program
16-07-2019 09:39:42 INFO [Log]: deselect all programs: Program
16-07-2019 09:39:42 INFO [Log]: deselect all programs: Program
16-07-2019 09:39:42 INFO [Log]: deselect all programs: Program
16-07-2019 09:39:42 INFO [Log]: deselect all programs: Program
16-07-2019 09:39:42 INFO [Log]: deselect all programs: Program
16-07-2019 09:39:42 INFO [Log]: deselect all programs: Program
16-07-2019 09:39:43 INFO [Log]: deselect all programs: Program
16-07-2019 09:39:43 INFO [Log]: deselect all programs: Program
16-07-2019 09:39:43 INFO [Log]: deselect all programs: Program
16-07-2019 09:39:43 INFO [Log]: deselect all programs: Program
16-07-2019 09:39:43 INFO [Log]: deselect all programs: Program
16-07-2019 09:39:43 INFO [Log]: deselect all programs: Program
16-07-2019 09:39:44 INFO [Log]: deselect all programs: Program
16-07-2019 09:39:44 INFO [Log]: deselect all programs: Program
16-07-2019 09:39:44 INFO [Log]: deselect all programs: Program
16-07-2019 09:39:44 INFO [Log]: deselect all programs: Program
16-07-2019 09:39:44 INFO [Log]: deselect all programs: Program
16-07-2019 09:41:11 INFO [Log]: select all programs: (*)Program
16-07-2019 09:41:16 INFO [Log]: deselect all programs: Program
16-07-2019 09:41:16 INFO [Log]: deselect all programs: Program
16-07-2019 09:41:16 INFO [Log]: deselect all programs: Program
16-07-2019 09:41:16 INFO [Log]: deselect all programs: Program
16-07-2019 09:41:17 INFO [Log]: deselect all programs: Program
16-07-2019 09:41:17 INFO [Log]: deselect all programs: Program
16-07-2019 09:41:17 INFO [Log]: deselect all programs: Program
16-07-2019 09:41:17 INFO [Log]: deselect all programs: Program
16-07-2019 09:41:17 INFO [Log]: deselect all programs: Program
16-07-2019 09:41:18 INFO [Log]: deselect all programs: Program
16-07-2019 09:41:18 INFO [Log]: deselect all programs: Program
16-07-2019 09:41:18 INFO [Log]: deselect all programs: Program
16-07-2019 09:41:18 INFO [Log]: deselect all programs: Program
16-07-2019 09:41:18 INFO [Log]: deselect all programs: Program
16-07-2019 09:41:19 INFO [Log]: deselect all programs: Program
16-07-2019 09:41:19 INFO [Log]: deselect all programs: Program
16-07-2019 09:41:19 INFO [Log]: deselect all programs: Program
16-07-2019 09:41:19 INFO [Log]: deselect all programs: Program
16-07-2019 09:41:19 INFO [Log]: deselect all programs: Program
16-07-2019 09:41:20 INFO [Log]: deselect all programs: Program
16-07-2019 09:41:20 INFO [Log]: deselect all programs: Program
16-07-2019 09:41:20 INFO [Log]: deselect all programs: Program
16-07-2019 09:41:20 INFO [Log]: deselect all programs: Program
16-07-2019 09:41:20 INFO [Log]: deselect all programs: Program
16-07-2019 09:41:21 INFO [Log]: deselect all programs: Program
16-07-2019 09:41:21 INFO [Log]: deselect all programs: Program
16-07-2019 09:41:21 INFO [Log]: deselect all programs: Program
16-07-2019 09:41:21 INFO [Log]: deselect all programs: Program
16-07-2019 09:41:21 INFO [Log]: deselect all programs: Program
16-07-2019 09:41:22 INFO [Log]: deselect all programs: Program
16-07-2019 09:41:22 INFO [Log]: deselect all programs: Program
16-07-2019 09:41:22 INFO [Log]: deselect all programs: Program
16-07-2019 09:41:22 INFO [Log]: deselect all programs: Program
16-07-2019 09:41:22 INFO [Log]: deselect all programs: Program
16-07-2019 09:41:22 INFO [Log]: deselect all programs: Program
16-07-2019 09:41:23 INFO [Log]: deselect all programs: Program
16-07-2019 09:41:23 INFO [Log]: deselect all programs: Program
16-07-2019 09:41:23 INFO [Log]: deselect all programs: Program
16-07-2019 09:41:23 INFO [Log]: deselect all programs: Program
16-07-2019 09:41:23 INFO [Log]: deselect all programs: Program
16-07-2019 09:41:23 INFO [Log]: deselect all programs: Program
16-07-2019 09:41:24 INFO [Log]: deselect all programs: Program
16-07-2019 09:41:24 INFO [Log]: deselect all programs: Program
16-07-2019 09:41:24 INFO [Log]: deselect all programs: Program
16-07-2019 09:41:24 INFO [Log]: deselect all programs: Program
16-07-2019 09:41:24 INFO [Log]: deselect all programs: Program
16-07-2019 09:41:24 INFO [Log]: deselect all programs: Program
16-07-2019 09:41:24 INFO [Log]: deselect all programs: Program
16-07-2019 09:41:25 INFO [Log]: deselect all programs: Program
16-07-2019 09:41:25 INFO [Log]: deselect all programs: Program
16-07-2019 09:41:25 INFO [Log]: deselect all programs: Program
16-07-2019 09:41:25 INFO [Log]: deselect all programs: Program
16-07-2019 09:41:25 INFO [Log]: deselect all programs: Program
16-07-2019 09:41:25 INFO [Log]: deselect all programs: Program
16-07-2019 09:41:26 INFO [Log]: deselect all programs: Program
16-07-2019 09:41:26 INFO [Log]: deselect all programs: Program
16-07-2019 09:41:26 INFO [Log]: deselect all programs: Program
16-07-2019 09:41:26 INFO [Log]: deselect all programs: Program
16-07-2019 09:41:26 INFO [Log]: deselect all programs: Program
16-07-2019 09:41:27 INFO [Log]: deselect all programs: Program
16-07-2019 09:41:27 INFO [Log]: deselect all programs: Program
16-07-2019 09:41:27 INFO [Log]: deselect all programs: Program
16-07-2019 09:42:09 INFO [Log]: select all programs: (*)Program
16-07-2019 09:42:52 INFO [Log]: select all programs: (*)Program
16-07-2019 09:43:43 INFO [Log]: select all programs: (*)Program
16-07-2019 09:43:44 INFO [Log]: deselect all programs: Program
16-07-2019 09:43:44 INFO [Log]: deselect all programs: Program
16-07-2019 09:43:45 INFO [Log]: deselect all programs: Program
16-07-2019 09:43:45 INFO [Log]: deselect all programs: Program
16-07-2019 09:43:45 INFO [Log]: deselect all programs: Program
16-07-2019 09:43:45 INFO [Log]: deselect all programs: Program
16-07-2019 09:43:46 INFO [Log]: deselect all programs: Program
16-07-2019 09:43:46 INFO [Log]: deselect all programs: Program
16-07-2019 09:43:46 INFO [Log]: deselect all programs: Program
16-07-2019 09:43:47 INFO [Log]: deselect all programs: Program
16-07-2019 09:43:47 INFO [Log]: deselect all programs: Program
16-07-2019 09:43:47 INFO [Log]: deselect all programs: Program
16-07-2019 09:43:47 INFO [Log]: deselect all programs: Program
16-07-2019 09:43:48 INFO [Log]: deselect all programs: Program
16-07-2019 09:43:48 INFO [Log]: deselect all programs: Program
16-07-2019 09:43:48 INFO [Log]: deselect all programs: Program
16-07-2019 09:43:49 INFO [Log]: deselect all programs: Program
16-07-2019 09:43:49 INFO [Log]: deselect all programs: Program
16-07-2019 09:43:49 INFO [Log]: deselect all programs: Program
16-07-2019 09:43:49 INFO [Log]: deselect all programs: Program
16-07-2019 09:43:50 INFO [Log]: deselect all programs: Program
16-07-2019 09:43:50 INFO [Log]: deselect all programs: Program
16-07-2019 09:43:50 INFO [Log]: deselect all programs: Program
16-07-2019 09:43:50 INFO [Log]: deselect all programs: Program
16-07-2019 09:43:51 INFO [Log]: deselect all programs: Program
16-07-2019 09:44:31 INFO [Log]: select all programs: (*)Program
16-07-2019 09:44:31 INFO [Log]: deselect all programs: Program
16-07-2019 09:45:37 INFO [Log]: select all programs: (*)Program
16-07-2019 09:45:40 INFO [Log]: deselect all programs: Program
16-07-2019 09:45:40 INFO [Log]: deselect all programs: Program
16-07-2019 09:45:40 INFO [Log]: deselect all programs: Program
16-07-2019 09:45:40 INFO [Log]: deselect all programs: Program
16-07-2019 09:45:40 INFO [Log]: deselect all programs: Program
16-07-2019 09:45:41 INFO [Log]: deselect all programs: Program
16-07-2019 09:45:41 INFO [Log]: deselect all programs: Program
16-07-2019 09:45:41 INFO [Log]: deselect all programs: Program
16-07-2019 09:45:41 INFO [Log]: deselect all programs: Program
16-07-2019 09:45:41 INFO [Log]: deselect all programs: Program
16-07-2019 09:45:41 INFO [Log]: deselect all programs: Program
16-07-2019 09:45:42 INFO [Log]: deselect all programs: Program
16-07-2019 09:45:42 INFO [Log]: deselect all programs: Program
16-07-2019 09:45:42 INFO [Log]: deselect all programs: Program
16-07-2019 09:45:42 INFO [Log]: deselect all programs: Program
16-07-2019 09:45:42 INFO [Log]: deselect all programs: Program
16-07-2019 09:45:43 INFO [Log]: deselect all programs: Program
16-07-2019 09:45:43 INFO [Log]: deselect all programs: Program
16-07-2019 09:45:43 INFO [Log]: deselect all programs: Program
16-07-2019 09:45:43 INFO [Log]: deselect all programs: Program
16-07-2019 09:45:43 INFO [Log]: deselect all programs: Program
16-07-2019 09:45:43 INFO [Log]: deselect all programs: Program
16-07-2019 09:45:44 INFO [Log]: deselect all programs: Program
16-07-2019 09:45:44 INFO [Log]: deselect all programs: Program
16-07-2019 09:45:44 INFO [Log]: deselect all programs: Program
16-07-2019 09:45:44 INFO [Log]: deselect all programs: Program
16-07-2019 09:45:44 INFO [Log]: deselect all programs: Program
16-07-2019 09:45:44 INFO [Log]: deselect all programs: Program
16-07-2019 09:45:45 INFO [Log]: deselect all programs: Program
16-07-2019 09:45:45 INFO [Log]: deselect all programs: Program
16-07-2019 09:45:45 INFO [Log]: deselect all programs: Program
16-07-2019 09:45:45 INFO [Log]: deselect all programs: Program
16-07-2019 09:45:45 INFO [Log]: deselect all programs: Program
16-07-2019 09:45:46 INFO [Log]: deselect all programs: Program
16-07-2019 09:45:46 INFO [Log]: deselect all programs: Program
16-07-2019 09:45:46 INFO [Log]: deselect all programs: Program
16-07-2019 09:45:46 INFO [Log]: deselect all programs: Program
16-07-2019 09:45:46 INFO [Log]: deselect all programs: Program
16-07-2019 09:45:46 INFO [Log]: deselect all programs: Program
16-07-2019 09:45:47 INFO [Log]: deselect all programs: Program
16-07-2019 09:45:47 INFO [Log]: deselect all programs: Program
16-07-2019 09:45:47 INFO [Log]: deselect all programs: Program
16-07-2019 09:45:47 INFO [Log]: deselect all programs: Program
16-07-2019 09:46:06 INFO [Log]: select all programs: (*)Program
16-07-2019 09:46:10 INFO [Log]: deselect all programs: Program
16-07-2019 09:46:10 INFO [Log]: deselect all programs: Program
16-07-2019 09:46:10 INFO [Log]: deselect all programs: Program
16-07-2019 09:46:10 INFO [Log]: deselect all programs: Program
16-07-2019 09:46:11 INFO [Log]: deselect all programs: Program
16-07-2019 09:46:11 INFO [Log]: deselect all programs: Program
16-07-2019 09:46:11 INFO [Log]: deselect all programs: Program
16-07-2019 09:46:11 INFO [Log]: deselect all programs: Program
16-07-2019 09:46:11 INFO [Log]: deselect all programs: Program
16-07-2019 09:46:11 INFO [Log]: deselect all programs: Program
16-07-2019 09:46:12 INFO [Log]: deselect all programs: Program
16-07-2019 09:46:12 INFO [Log]: deselect all programs: Program
16-07-2019 09:46:12 INFO [Log]: deselect all programs: Program
16-07-2019 09:46:12 INFO [Log]: deselect all programs: Program
16-07-2019 09:46:13 INFO [Log]: deselect all programs: Program
16-07-2019 09:46:13 INFO [Log]: deselect all programs: Program
16-07-2019 09:46:13 INFO [Log]: deselect all programs: Program
16-07-2019 09:46:13 INFO [Log]: deselect all programs: Program
16-07-2019 09:46:13 INFO [Log]: deselect all programs: Program
16-07-2019 09:46:13 INFO [Log]: deselect all programs: Program
16-07-2019 09:46:13 INFO [Log]: deselect all programs: Program
16-07-2019 09:46:14 INFO [Log]: deselect all programs: Program
16-07-2019 09:46:14 INFO [Log]: deselect all programs: Program
16-07-2019 09:46:14 INFO [Log]: deselect all programs: Program
16-07-2019 09:46:14 INFO [Log]: deselect all programs: Program
16-07-2019 09:46:14 INFO [Log]: deselect all programs: Program
16-07-2019 09:46:14 INFO [Log]: deselect all programs: Program
16-07-2019 09:46:39 INFO [Log]: select all programs: (*)Program
16-07-2019 09:46:44 INFO [Log]: deselect all programs: Program
16-07-2019 09:46:45 INFO [Log]: deselect all programs: Program
16-07-2019 09:46:45 INFO [Log]: deselect all programs: Program
16-07-2019 09:46:45 INFO [Log]: deselect all programs: Program
16-07-2019 09:46:45 INFO [Log]: deselect all programs: Program
16-07-2019 09:46:45 INFO [Log]: deselect all programs: Program
16-07-2019 09:46:45 INFO [Log]: deselect all programs: Program
16-07-2019 09:46:46 INFO [Log]: deselect all programs: Program
16-07-2019 09:46:46 INFO [Log]: deselect all programs: Program
16-07-2019 09:46:46 INFO [Log]: deselect all programs: Program
16-07-2019 09:46:46 INFO [Log]: deselect all programs: Program
16-07-2019 09:46:46 INFO [Log]: deselect all programs: Program
16-07-2019 09:46:47 INFO [Log]: deselect all programs: Program
16-07-2019 09:46:47 INFO [Log]: deselect all programs: Program
16-07-2019 09:47:16 INFO [Log]: select all programs: (*)Program
16-07-2019 09:47:18 INFO [Log]: deselect all programs: Program
16-07-2019 09:47:19 INFO [Log]: select all statuses: (*)Status
16-07-2019 09:47:19 INFO [Log]: select all statuses: Status
16-07-2019 09:47:19 INFO [Log]: select all statuses: Status
16-07-2019 09:47:19 INFO [Log]: select all statuses: Status
16-07-2019 09:47:19 INFO [Log]: select all statuses: Status
16-07-2019 09:47:20 INFO [Log]: select all statuses: Status
16-07-2019 09:47:20 INFO [Log]: select all statuses: Status
16-07-2019 09:47:20 INFO [Log]: select all statuses: Status
16-07-2019 09:47:20 INFO [Log]: select all statuses: Status
16-07-2019 09:47:20 INFO [Log]: select all statuses: Status
16-07-2019 09:47:21 INFO [Log]: select all statuses: Status
16-07-2019 09:47:21 INFO [Log]: select all statuses: Status
16-07-2019 09:47:21 INFO [Log]: select all statuses: Status
16-07-2019 09:47:21 INFO [Log]: select all statuses: Status
16-07-2019 09:47:21 INFO [Log]: select all statuses: Status
16-07-2019 09:47:21 INFO [Log]: select all statuses: Status
16-07-2019 09:47:22 INFO [Log]: select all statuses: Status
16-07-2019 09:47:22 INFO [Log]: select all statuses: Status
16-07-2019 09:47:22 INFO [Log]: select all statuses: Status
16-07-2019 09:47:22 INFO [Log]: select all statuses: Status
16-07-2019 09:47:22 INFO [Log]: select all statuses: Status
16-07-2019 09:47:45 INFO [Log]: select all programs: (*)Program
16-07-2019 09:47:45 INFO [Log]: deselect all programs: (*)Program
16-07-2019 09:47:46 INFO [Log]: deselect all programs: Program
16-07-2019 09:47:46 INFO [Log]: select all statuses: (*)Status
16-07-2019 09:47:47 INFO [Log]: select all statuses: Status
16-07-2019 09:55:30 INFO [Log]: select all programs: (*)Program
16-07-2019 09:55:34 INFO [Log]: deselect all programs: Program
16-07-2019 09:55:35 INFO [Log]: select all statuses: (*)Status
16-07-2019 09:55:35 INFO [Log]: select all statuses: Status
16-07-2019 10:13:58 INFO [Log]: select all programs: (*)Program
16-07-2019 10:14:06 INFO [Log]: deselect all programs: Program
16-07-2019 10:14:26 INFO [Log]: select all programs: (*)Program
16-07-2019 10:14:28 INFO [Log]: deselect all programs: Program
16-07-2019 10:14:35 INFO [Log]: select all statuses: (*)Status
16-07-2019 10:14:40 INFO [Log]: select all statuses: Status
16-07-2019 10:14:41 INFO [Log]: signature: TES/TNA/2019/1/00320
16-07-2019 10:14:41 INFO [Log]: liczba widocznych aplikacji: 10
16-07-2019 10:15:30 INFO [Log]: select all programs: (*)Program
16-07-2019 10:16:24 INFO [Log]: select all programs: (*)Program
16-07-2019 10:18:01 INFO [Log]: select all programs: (*)Program
16-07-2019 10:19:03 INFO [Log]: select all programs: (*)Program
16-07-2019 10:19:07 INFO [Log]: deselect all programs: Program
16-07-2019 10:19:07 INFO [Log]: select all statuses: (*)Status
16-07-2019 10:19:07 INFO [Log]: select all statuses: Status
16-07-2019 10:20:13 INFO [Log]: select all programs: (*)Program
16-07-2019 10:20:13 INFO [Log]: deselect all programs: Program
16-07-2019 10:20:14 INFO [Log]: select all statuses: (*)Status
16-07-2019 10:20:14 INFO [Log]: select all statuses: Status
16-07-2019 10:20:37 INFO [Log]: select all programs: (*)Program
16-07-2019 10:21:04 INFO [Log]: select all programs: (*)Program
16-07-2019 10:21:05 INFO [Log]: deselect all programs: Program
16-07-2019 10:21:05 INFO [Log]: select all statuses: (*)Status
16-07-2019 10:21:44 INFO [Log]: select all programs: (*)Program
16-07-2019 10:21:46 INFO [Log]: deselect all programs: Program
16-07-2019 10:22:52 INFO [Log]: select all programs: (*)Program
16-07-2019 10:22:53 INFO [Log]: deselect all programs: Program
16-07-2019 10:22:55 INFO [Log]: select all statuses: (*)Status
16-07-2019 10:22:57 INFO [Log]: select all statuses: Status
16-07-2019 10:23:54 INFO [Log]: select all programs: (*)Program
16-07-2019 10:23:56 INFO [Log]: deselect all programs: Program
16-07-2019 10:23:57 INFO [Log]: select all statuses: (*)Status
16-07-2019 10:23:59 INFO [Log]: select all statuses: Status
16-07-2019 10:23:59 INFO [Log]: signature: TES/TNA/2019/1/00320
16-07-2019 10:24:00 INFO [Log]: liczba widocznych aplikacji: 10
16-07-2019 10:24:21 INFO [Log]: select all programs: (*)Program
16-07-2019 10:24:23 INFO [Log]: deselect all programs: Program
16-07-2019 10:24:24 INFO [Log]: select all statuses: (*)Status
16-07-2019 10:24:26 INFO [Log]: select all statuses: Status
16-07-2019 10:24:27 INFO [Log]: signature: PPS/LUK/2018/1/00124
16-07-2019 10:24:27 INFO [Log]: liczba widocznych aplikacji: 10
16-07-2019 10:25:26 INFO [Log]: select all programs: (*)Program
16-07-2019 10:25:27 INFO [Log]: deselect all programs: Program
16-07-2019 10:25:27 INFO [Log]: select all statuses: (*)Status
16-07-2019 10:25:28 INFO [Log]: select all statuses: (*)Status
16-07-2019 10:25:28 INFO [Log]: select all statuses: Status
16-07-2019 10:25:29 INFO [Log]: signature: PPS/LUK/2018/1/00124
16-07-2019 10:25:29 INFO [Log]: liczba widocznych aplikacji: 10
16-07-2019 10:32:30 INFO [Log]: signature: TES/TNA/2019/1/00320
16-07-2019 10:32:31 INFO [Log]: liczba widocznych aplikacji: 10
16-07-2019 10:33:07 INFO [Log]: signature: TES/TNA/2019/1/00320
16-07-2019 10:33:08 INFO [Log]: liczba widocznych aplikacji: 10
16-07-2019 10:33:34 INFO [Log]: signature: PPS/LUK/2018/1/00124
16-07-2019 10:33:34 INFO [Log]: liczba widocznych aplikacji: 10
16-07-2019 10:35:16 INFO [Log]: signature: PPS/LUK/2018/1/00124
16-07-2019 10:35:16 INFO [Log]: liczba widocznych aplikacji: 10
16-07-2019 10:35:57 INFO [Log]: signature: PPS/LUK/2018/1/00124
16-07-2019 10:35:57 INFO [Log]: liczba widocznych aplikacji: 10
16-07-2019 10:38:43 INFO [Log]: signature: PPS/LUK/2018/1/00124
16-07-2019 10:38:43 INFO [Log]: liczba widocznych aplikacji: 10
16-07-2019 10:39:06 INFO [Log]: signature: TES/TNA/2019/1/00320
16-07-2019 10:39:07 INFO [Log]: liczba widocznych aplikacji: 10
16-07-2019 11:17:08 INFO [Log]: signature: TES/TNA/2019/1/00320
16-07-2019 11:17:09 INFO [Log]: liczba widocznych aplikacji: 10
16-07-2019 11:18:23 INFO [Log]: signature: PPS/LUK/2018/1/00124
16-07-2019 11:18:24 INFO [Log]: liczba widocznych aplikacji: 10
16-07-2019 11:19:04 INFO [Log]: signature: TES/TNA/2019/1/00320
16-07-2019 11:19:05 INFO [Log]: liczba widocznych aplikacji: 10
16-07-2019 11:48:46 INFO [Log]: signature: TES/TNA/2019/1/00320
16-07-2019 11:48:47 INFO [Log]: liczba widocznych aplikacji: 10
16-07-2019 11:49:06 INFO [Log]: signature: TES/TNA/2019/1/00320
16-07-2019 11:49:06 INFO [Log]: liczba widocznych aplikacji: 10
16-07-2019 11:49:26 INFO [Log]: signature: TES/TNA/2019/1/00320
16-07-2019 11:49:27 INFO [Log]: liczba widocznych aplikacji: 10
16-07-2019 11:51:04 INFO [Log]: liczba widocznych aplikacji: 10
16-07-2019 11:51:04 INFO [Log]: liczba widocznych aplikacji: 1
16-07-2019 11:51:10 INFO [Log]: liczba widocznych aplikacji: 10
16-07-2019 11:51:17 INFO [Log]: signature: TES/TNA/2019/1/00320
16-07-2019 11:51:17 INFO [Log]: liczba widocznych aplikacji: 10
16-07-2019 12:03:29 INFO [Log]: liczba widocznych aplikacji: 10
16-07-2019 12:03:29 INFO [Log]: liczba widocznych aplikacji: 1
16-07-2019 12:03:35 INFO [Log]: liczba widocznych aplikacji: 10
16-07-2019 12:03:42 INFO [Log]: signature: TES/TNA/2019/1/00320
16-07-2019 12:03:42 INFO [Log]: liczba widocznych aplikacji: 10
16-07-2019 12:06:10 INFO [Log]: signature: TES/TNA/2019/1/00320
16-07-2019 12:06:11 INFO [Log]: liczba widocznych aplikacji: 10
16-07-2019 13:23:33 INFO [Log]: liczba widocznych aplikacji: 10
16-07-2019 13:23:34 INFO [Log]: liczba widocznych aplikacji: 1
16-07-2019 13:27:06 INFO [Log]: liczba widocznych aplikacji: 10
16-07-2019 13:27:07 INFO [Log]: liczba widocznych aplikacji: 1
16-07-2019 13:31:47 INFO [Log]: signature: PPS/LUK/2018/1/00124
16-07-2019 13:31:48 INFO [Log]: liczba widocznych aplikacji: 10
16-07-2019 13:37:36 INFO [Log]: liczba widocznych aplikacji: 10
16-07-2019 13:37:37 INFO [Log]: liczba widocznych aplikacji: 1
16-07-2019 13:53:05 INFO [Log]: liczba widocznych aplikacji: 10
16-07-2019 13:53:06 INFO [Log]: liczba widocznych aplikacji: 1
16-07-2019 13:53:41 INFO [Log]: liczba widocznych aplikacji: 10
16-07-2019 13:53:42 INFO [Log]: liczba widocznych aplikacji: 1
16-07-2019 13:53:47 INFO [Log]: liczba widocznych aplikacji: 10
16-07-2019 13:53:54 INFO [Log]: signature: TES/TNA/2019/1/00320
16-07-2019 13:53:54 INFO [Log]: liczba widocznych aplikacji: 10
16-07-2019 13:55:04 INFO [Log]: liczba widocznych aplikacji: 10
16-07-2019 13:55:04 INFO [Log]: liczba widocznych aplikacji: 1
16-07-2019 13:55:10 INFO [Log]: liczba widocznych aplikacji: 10
16-07-2019 13:55:17 INFO [Log]: signature: TES/TNA/2019/1/00320
16-07-2019 13:55:17 INFO [Log]: liczba widocznych aplikacji: 10
16-07-2019 14:05:33 INFO [Log]: liczba widocznych aplikacji: 10
16-07-2019 14:05:33 INFO [Log]: liczba widocznych aplikacji: 1
16-07-2019 14:05:39 INFO [Log]: liczba widocznych aplikacji: 10
16-07-2019 14:05:45 INFO [Log]: signature: TES/TNA/2019/1/00320
16-07-2019 14:05:46 INFO [Log]: liczba widocznych aplikacji: 10
16-07-2019 14:06:14 INFO [Log]: liczba widocznych aplikacji: 10
16-07-2019 14:06:14 INFO [Log]: liczba widocznych aplikacji: 1
16-07-2019 14:06:20 INFO [Log]: liczba widocznych aplikacji: 10
16-07-2019 14:06:27 INFO [Log]: signature: PPS/LUK/2018/1/00124
16-07-2019 14:06:27 INFO [Log]: liczba widocznych aplikacji: 10
16-07-2019 14:07:27 INFO [Log]: liczba widocznych aplikacji: 10
16-07-2019 14:07:34 INFO [Log]: signature: PPS/LUK/2018/1/00124
16-07-2019 14:07:34 INFO [Log]: liczba widocznych aplikacji: 10
16-07-2019 14:10:10 INFO [Log]: liczba widocznych aplikacji: 10
16-07-2019 14:10:10 INFO [Log]: liczba widocznych aplikacji: 1
16-07-2019 14:15:14 INFO [Log]: liczba widocznych aplikacji: 10
16-07-2019 14:15:14 INFO [Log]: liczba widocznych aplikacji: 1
16-07-2019 14:15:20 INFO [Log]: liczba widocznych aplikacji: 10
16-07-2019 14:15:27 INFO [Log]: signature: PPS/LUK/2018/1/00124
16-07-2019 14:15:27 INFO [Log]: liczba widocznych aplikacji: 10
16-07-2019 14:16:15 INFO [Log]: liczba widocznych aplikacji: 10
16-07-2019 14:16:15 INFO [Log]: liczba widocznych aplikacji: 1
16-07-2019 14:18:38 INFO [Log]: liczba widocznych aplikacji: 10
16-07-2019 14:18:38 INFO [Log]: liczba widocznych aplikacji: 1
16-07-2019 14:18:43 INFO [Log]: liczba widocznych aplikacji: 10
16-07-2019 14:18:50 INFO [Log]: signature: PPS/LUK/2018/1/00124
16-07-2019 14:18:51 INFO [Log]: liczba widocznych aplikacji: 10
20-07-2019 18:52:39 INFO [Log]: liczba widocznych aplikacji: 10
20-07-2019 18:52:39 INFO [Log]: liczba widocznych aplikacji: 1
20-07-2019 18:53:11 INFO [Log]: liczba widocznych aplikacji: 10
